2017-11-03 12:50:54,751 [INFO] from application in ForkJoinPool-1-worker-1 - Creating Pool for datasource 'default'
2017-11-03 12:50:54,876 [INFO] from play.api.db.HikariCPConnectionPool in ForkJoinPool-1-worker-1 - datasource [default] bound to JNDI as DefaultDS
2017-11-03 12:50:54,904 [INFO] from play.api.db.DefaultDBApi in ForkJoinPool-1-worker-1 - Database [default] connected at jdbc:mysql://localhost:3306/dating
2017-11-03 12:50:57,431 [INFO] from play.api.Play in ForkJoinPool-1-worker-1 - Application started (Dev)
2017-11-03 12:52:48,196 [INFO] from application in application-akka.actor.default-dispatcher-2 - Shutting down connection pool.
2017-11-03 12:52:48,569 [INFO] from application in application-akka.actor.default-dispatcher-2 - Creating Pool for datasource 'default'
2017-11-03 12:52:48,587 [INFO] from play.api.db.HikariCPConnectionPool in application-akka.actor.default-dispatcher-2 - datasource [default] bound to JNDI as DefaultDS
2017-11-03 12:52:48,596 [INFO] from play.api.db.DefaultDBApi in application-akka.actor.default-dispatcher-2 - Database [default] connected at jdbc:mysql://localhost:3306/dating
2017-11-03 12:52:49,020 [INFO] from play.api.Play in application-akka.actor.default-dispatcher-2 - Application started (Dev)
2017-11-03 12:53:48,824 [INFO] from application in application-akka.actor.default-dispatcher-2 - Shutting down connection pool.
2017-11-03 12:53:49,135 [INFO] from application in application-akka.actor.default-dispatcher-2 - Creating Pool for datasource 'default'
2017-11-03 12:53:49,157 [INFO] from play.api.db.HikariCPConnectionPool in application-akka.actor.default-dispatcher-2 - datasource [default] bound to JNDI as DefaultDS
2017-11-03 12:53:49,172 [INFO] from play.api.db.DefaultDBApi in application-akka.actor.default-dispatcher-2 - Database [default] connected at jdbc:mysql://localhost:3306/dating
2017-11-03 12:53:49,623 [INFO] from play.api.Play in application-akka.actor.default-dispatcher-2 - Application started (Dev)
2017-11-03 12:54:14,285 [INFO] from application in application-akka.actor.default-dispatcher-4 - Shutting down connection pool.
2017-11-03 12:54:14,437 [INFO] from application in application-akka.actor.default-dispatcher-4 - Creating Pool for datasource 'default'
2017-11-03 12:54:14,449 [INFO] from play.api.db.HikariCPConnectionPool in application-akka.actor.default-dispatcher-4 - datasource [default] bound to JNDI as DefaultDS
2017-11-03 12:54:14,457 [INFO] from play.api.db.DefaultDBApi in application-akka.actor.default-dispatcher-4 - Database [default] connected at jdbc:mysql://localhost:3306/dating
2017-11-03 12:54:14,745 [INFO] from play.api.Play in application-akka.actor.default-dispatcher-4 - Application started (Dev)
2017-11-03 12:55:04,917 [INFO] from application in application-akka.actor.default-dispatcher-2 - Shutting down connection pool.
2017-11-03 12:55:05,115 [INFO] from application in application-akka.actor.default-dispatcher-2 - Creating Pool for datasource 'default'
2017-11-03 12:55:05,124 [INFO] from play.api.db.HikariCPConnectionPool in application-akka.actor.default-dispatcher-2 - datasource [default] bound to JNDI as DefaultDS
2017-11-03 12:55:05,132 [INFO] from play.api.db.DefaultDBApi in application-akka.actor.default-dispatcher-2 - Database [default] connected at jdbc:mysql://localhost:3306/dating
2017-11-03 12:55:05,406 [INFO] from play.api.Play in application-akka.actor.default-dispatcher-2 - Application started (Dev)
2017-11-03 12:55:32,338 [INFO] from application in application-akka.actor.default-dispatcher-5 - Shutting down connection pool.
2017-11-03 12:55:32,465 [INFO] from application in application-akka.actor.default-dispatcher-5 - Creating Pool for datasource 'default'
2017-11-03 12:55:32,473 [INFO] from play.api.db.HikariCPConnectionPool in application-akka.actor.default-dispatcher-5 - datasource [default] bound to JNDI as DefaultDS
2017-11-03 12:55:32,480 [INFO] from play.api.db.DefaultDBApi in application-akka.actor.default-dispatcher-5 - Database [default] connected at jdbc:mysql://localhost:3306/dating
2017-11-03 12:55:32,795 [INFO] from play.api.Play in application-akka.actor.default-dispatcher-5 - Application started (Dev)
2017-11-03 13:05:03,315 [INFO] from application in application-akka.actor.default-dispatcher-5 - Shutting down connection pool.
2017-11-03 13:05:03,470 [INFO] from application in application-akka.actor.default-dispatcher-5 - Creating Pool for datasource 'default'
2017-11-03 13:05:03,482 [INFO] from play.api.db.HikariCPConnectionPool in application-akka.actor.default-dispatcher-5 - datasource [default] bound to JNDI as DefaultDS
2017-11-03 13:05:03,491 [INFO] from play.api.db.DefaultDBApi in application-akka.actor.default-dispatcher-5 - Database [default] connected at jdbc:mysql://localhost:3306/dating
2017-11-03 13:05:04,078 [INFO] from play.api.Play in application-akka.actor.default-dispatcher-5 - Application started (Dev)
2017-11-03 13:07:38,733 [INFO] from application in application-akka.actor.default-dispatcher-5 - Shutting down connection pool.
2017-11-03 13:07:38,916 [INFO] from application in application-akka.actor.default-dispatcher-5 - Creating Pool for datasource 'default'
2017-11-03 13:07:38,935 [INFO] from play.api.db.HikariCPConnectionPool in application-akka.actor.default-dispatcher-5 - datasource [default] bound to JNDI as DefaultDS
2017-11-03 13:07:38,944 [INFO] from play.api.db.DefaultDBApi in application-akka.actor.default-dispatcher-5 - Database [default] connected at jdbc:mysql://localhost:3306/dating
2017-11-03 13:07:39,387 [INFO] from play.api.Play in application-akka.actor.default-dispatcher-5 - Application started (Dev)
2017-11-03 13:17:03,116 [INFO] from application in application-akka.actor.default-dispatcher-7 - Shutting down connection pool.
2017-11-03 13:17:03,290 [INFO] from application in application-akka.actor.default-dispatcher-7 - Creating Pool for datasource 'default'
2017-11-03 13:17:03,299 [INFO] from play.api.db.HikariCPConnectionPool in application-akka.actor.default-dispatcher-7 - datasource [default] bound to JNDI as DefaultDS
2017-11-03 13:17:03,304 [INFO] from play.api.db.DefaultDBApi in application-akka.actor.default-dispatcher-7 - Database [default] connected at jdbc:mysql://localhost:3306/dating
2017-11-03 13:17:03,674 [INFO] from play.api.Play in application-akka.actor.default-dispatcher-7 - Application started (Dev)
2017-11-03 13:22:35,737 [INFO] from application in application-akka.actor.default-dispatcher-7 - Shutting down connection pool.
2017-11-03 13:22:35,843 [INFO] from application in application-akka.actor.default-dispatcher-7 - Creating Pool for datasource 'default'
2017-11-03 13:22:35,866 [INFO] from play.api.db.HikariCPConnectionPool in application-akka.actor.default-dispatcher-7 - datasource [default] bound to JNDI as DefaultDS
2017-11-03 13:22:35,876 [INFO] from play.api.db.DefaultDBApi in application-akka.actor.default-dispatcher-7 - Database [default] connected at jdbc:mysql://localhost:3306/dating
2017-11-03 13:22:36,190 [INFO] from play.api.Play in application-akka.actor.default-dispatcher-7 - Application started (Dev)
2017-11-03 13:40:11,876 [INFO] from application in application-akka.actor.default-dispatcher-10 - Shutting down connection pool.
2017-11-03 13:40:12,041 [INFO] from application in application-akka.actor.default-dispatcher-10 - Creating Pool for datasource 'default'
2017-11-03 13:40:12,056 [INFO] from play.api.db.HikariCPConnectionPool in application-akka.actor.default-dispatcher-10 - datasource [default] bound to JNDI as DefaultDS
2017-11-03 13:40:12,062 [INFO] from play.api.db.DefaultDBApi in application-akka.actor.default-dispatcher-10 - Database [default] connected at jdbc:mysql://localhost:3306/dating
2017-11-03 13:40:12,411 [INFO] from play.api.Play in application-akka.actor.default-dispatcher-10 - Application started (Dev)
2017-11-03 13:42:13,416 [INFO] from application in application-akka.actor.default-dispatcher-8 - Shutting down connection pool.
2017-11-03 13:42:13,554 [INFO] from application in application-akka.actor.default-dispatcher-8 - Creating Pool for datasource 'default'
2017-11-03 13:42:13,563 [INFO] from play.api.db.HikariCPConnectionPool in application-akka.actor.default-dispatcher-8 - datasource [default] bound to JNDI as DefaultDS
2017-11-03 13:42:13,570 [INFO] from play.api.db.DefaultDBApi in application-akka.actor.default-dispatcher-8 - Database [default] connected at jdbc:mysql://localhost:3306/dating
2017-11-03 13:42:13,881 [INFO] from play.api.Play in application-akka.actor.default-dispatcher-8 - Application started (Dev)
2017-11-03 13:47:42,420 [INFO] from application in application-akka.actor.default-dispatcher-3 - Shutting down connection pool.
2017-11-03 13:47:42,555 [INFO] from application in application-akka.actor.default-dispatcher-3 - Creating Pool for datasource 'default'
2017-11-03 13:47:42,590 [INFO] from play.api.db.HikariCPConnectionPool in application-akka.actor.default-dispatcher-3 - datasource [default] bound to JNDI as DefaultDS
2017-11-03 13:47:42,600 [INFO] from play.api.db.DefaultDBApi in application-akka.actor.default-dispatcher-3 - Database [default] connected at jdbc:mysql://localhost:3306/dating
2017-11-03 13:47:42,825 [INFO] from play.api.Play in application-akka.actor.default-dispatcher-3 - Application started (Dev)
